{:timestamp=>"2016-05-23T15:21:01.529000+0000", :message=>"Reading config file", :config_file=>"/config-dir/logstash-file-to-file.conf", :level=>:debug, :file=>"logstash/config/loader.rb", :line=>"69", :method=>"local_config"}
{:timestamp=>"2016-05-23T15:21:01.626000+0000", :message=>"Plugin not defined in namespace, checking for plugin file", :type=>"input", :name=>"file", :path=>"logstash/inputs/file", :level=>:debug, :file=>"logstash/plugin.rb", :line=>"76", :method=>"lookup"}
{:timestamp=>"2016-05-23T15:21:01.647000+0000", :message=>"Plugin not defined in namespace, checking for plugin file", :type=>"codec", :name=>"line", :path=>"logstash/codecs/line", :level=>:debug, :file=>"logstash/plugin.rb", :line=>"76", :method=>"lookup"}
{:timestamp=>"2016-05-23T15:21:01.669000+0000", :message=>"config LogStash::Codecs::Line/@charset = \"UTF-8\"", :level=>:debug, :file=>"logstash/config/mixin.rb", :line=>"153", :method=>"config_init"}
{:timestamp=>"2016-05-23T15:21:01.676000+0000", :message=>"config LogStash::Codecs::Line/@delimiter = \"\\n\"", :level=>:debug, :file=>"logstash/config/mixin.rb", :line=>"153", :method=>"config_init"}
{:timestamp=>"2016-05-23T15:21:01.692000+0000", :message=>"config LogStash::Inputs::File/@path = [\"/config-dir/input.log\"]", :level=>:debug, :file=>"logstash/config/mixin.rb", :line=>"153", :method=>"config_init"}
{:timestamp=>"2016-05-23T15:21:01.700000+0000", :message=>"config LogStash::Inputs::File/@codec = <LogStash::Codecs::Line charset=>\"UTF-8\", delimiter=>\"\\n\">", :level=>:debug, :file=>"logstash/config/mixin.rb", :line=>"153", :method=>"config_init"}
{:timestamp=>"2016-05-23T15:21:01.704000+0000", :message=>"config LogStash::Inputs::File/@sincedb_path = \"/dev/null\"", :level=>:debug, :file=>"logstash/config/mixin.rb", :line=>"153", :method=>"config_init"}
{:timestamp=>"2016-05-23T15:21:01.723000+0000", :message=>"config LogStash::Inputs::File/@start_position = \"beginning\"", :level=>:debug, :file=>"logstash/config/mixin.rb", :line=>"153", :method=>"config_init"}
{:timestamp=>"2016-05-23T15:21:01.728000+0000", :message=>"config LogStash::Inputs::File/@ignore_older = 0", :level=>:debug, :file=>"logstash/config/mixin.rb", :line=>"153", :method=>"config_init"}
{:timestamp=>"2016-05-23T15:21:01.745000+0000", :message=>"config LogStash::Inputs::File/@add_field = {}", :level=>:debug, :file=>"logstash/config/mixin.rb", :line=>"153", :method=>"config_init"}
{:timestamp=>"2016-05-23T15:21:01.752000+0000", :message=>"config LogStash::Inputs::File/@stat_interval = 1", :level=>:debug, :file=>"logstash/config/mixin.rb", :line=>"153", :method=>"config_init"}
{:timestamp=>"2016-05-23T15:21:01.756000+0000", :message=>"config LogStash::Inputs::File/@discover_interval = 15", :level=>:debug, :file=>"logstash/config/mixin.rb", :line=>"153", :method=>"config_init"}
{:timestamp=>"2016-05-23T15:21:01.768000+0000", :message=>"config LogStash::Inputs::File/@sincedb_write_interval = 15", :level=>:debug, :file=>"logstash/config/mixin.rb", :line=>"153", :method=>"config_init"}
{:timestamp=>"2016-05-23T15:21:01.772000+0000", :message=>"config LogStash::Inputs::File/@delimiter = \"\\n\"", :level=>:debug, :file=>"logstash/config/mixin.rb", :line=>"153", :method=>"config_init"}
{:timestamp=>"2016-05-23T15:21:01.786000+0000", :message=>"config LogStash::Inputs::File/@close_older = 3600", :level=>:debug, :file=>"logstash/config/mixin.rb", :line=>"153", :method=>"config_init"}
{:timestamp=>"2016-05-23T15:21:01.792000+0000", :message=>"Plugin not defined in namespace, checking for plugin file", :type=>"output", :name=>"file", :path=>"logstash/outputs/file", :level=>:debug, :file=>"logstash/plugin.rb", :line=>"76", :method=>"lookup"}
{:timestamp=>"2016-05-23T15:21:01.803000+0000", :message=>"starting agent", :level=>:info, :file=>"logstash/agent.rb", :line=>"207", :method=>"execute"}
{:timestamp=>"2016-05-23T15:21:01.815000+0000", :message=>"starting pipeline", :id=>"main", :level=>:info, :file=>"logstash/agent.rb", :line=>"461", :method=>"start_pipeline"}
{:timestamp=>"2016-05-23T15:21:02.101000+0000", :message=>"Registering file input", :path=>["/config-dir/input.log"], :level=>:info, :file=>"logstash/inputs/file.rb", :line=>"171", :method=>"register"}
{:timestamp=>"2016-05-23T15:21:02.124000+0000", :message=>"Plugin not defined in namespace, checking for plugin file", :type=>"codec", :name=>"json_lines", :path=>"logstash/codecs/json_lines", :level=>:debug, :file=>"logstash/plugin.rb", :line=>"76", :method=>"lookup"}
{:timestamp=>"2016-05-23T15:21:02.134000+0000", :message=>"_globbed_files: /config-dir/input.log: glob is: [\"/config-dir/input.log\"]", :level=>:debug, :file=>"filewatch/watch.rb", :line=>"346", :method=>"_globbed_files"}
{:timestamp=>"2016-05-23T15:21:02.146000+0000", :message=>"_discover_file: /config-dir/input.log: new: /config-dir/input.log (exclude is [])", :level=>:debug, :file=>"filewatch/watch.rb", :line=>"310", :method=>"_discover_file"}
{:timestamp=>"2016-05-23T15:21:02.148000+0000", :message=>"config LogStash::Codecs::JSONLines/@charset = \"UTF-8\"", :level=>:debug, :file=>"logstash/config/mixin.rb", :line=>"153", :method=>"config_init"}
{:timestamp=>"2016-05-23T15:21:02.150000+0000", :message=>"config LogStash::Codecs::JSONLines/@delimiter = \"\\n\"", :level=>:debug, :file=>"logstash/config/mixin.rb", :line=>"153", :method=>"config_init"}
{:timestamp=>"2016-05-23T15:21:02.151000+0000", :message=>"_open_file: /config-dir/input.log: opening", :level=>:debug, :file=>"filewatch/tail_base.rb", :line=>"86", :method=>"_open_file"}
{:timestamp=>"2016-05-23T15:21:02.152000+0000", :message=>"config LogStash::Outputs::File/@path = \"/config-dir/output.log\"", :level=>:debug, :file=>"logstash/config/mixin.rb", :line=>"153", :method=>"config_init"}
{:timestamp=>"2016-05-23T15:21:02.154000+0000", :message=>"config LogStash::Outputs::File/@flush_interval = 0", :level=>:debug, :file=>"logstash/config/mixin.rb", :line=>"153", :method=>"config_init"}
{:timestamp=>"2016-05-23T15:21:02.157000+0000", :message=>"/config-dir/input.log: initial create, no sincedb, seeking to beginning of file", :level=>:debug, :file=>"filewatch/tail_base.rb", :line=>"144", :method=>"_add_to_sincedb"}
{:timestamp=>"2016-05-23T15:21:02.159000+0000", :message=>"Received line", :path=>"/config-dir/input.log", :text=>"test1", :level=>:debug, :file=>"logstash/inputs/file.rb", :line=>"306", :method=>"log_line_received"}
{:timestamp=>"2016-05-23T15:21:02.159000+0000", :message=>"config LogStash::Outputs::File/@codec = <LogStash::Codecs::JSONLines charset=>\"UTF-8\", delimiter=>\"\\n\">", :level=>:debug, :file=>"logstash/config/mixin.rb", :line=>"153", :method=>"config_init"}
{:timestamp=>"2016-05-23T15:21:02.170000+0000", :message=>"config LogStash::Outputs::File/@workers = 1", :level=>:debug, :file=>"logstash/config/mixin.rb", :line=>"153", :method=>"config_init"}
{:timestamp=>"2016-05-23T15:21:02.183000+0000", :message=>"config LogStash::Outputs::File/@gzip = false", :level=>:debug, :file=>"logstash/config/mixin.rb", :line=>"153", :method=>"config_init"}
{:timestamp=>"2016-05-23T15:21:02.169000+0000", :message=>"Received line", :path=>"/config-dir/input.log", :text=>"test1", :level=>:debug, :file=>"logstash/inputs/file.rb", :line=>"306", :method=>"log_line_received"}
{:timestamp=>"2016-05-23T15:21:02.188000+0000", :message=>"writing sincedb (delta since last write = 1464016862)", :level=>:debug, :file=>"filewatch/observing_tail.rb", :line=>"102", :method=>"observe_read_file"}
{:timestamp=>"2016-05-23T15:21:02.186000+0000", :message=>"config LogStash::Outputs::File/@filename_failure = \"_filepath_failures\"", :level=>:debug, :file=>"logstash/config/mixin.rb", :line=>"153", :method=>"config_init"}
{:timestamp=>"2016-05-23T15:21:02.199000+0000", :message=>"config LogStash::Outputs::File/@create_if_deleted = true", :level=>:debug, :file=>"logstash/config/mixin.rb", :line=>"153", :method=>"config_init"}
{:timestamp=>"2016-05-23T15:21:02.201000+0000", :message=>"config LogStash::Outputs::File/@dir_mode = -1", :level=>:debug, :file=>"logstash/config/mixin.rb", :line=>"153", :method=>"config_init"}
{:timestamp=>"2016-05-23T15:21:02.202000+0000", :message=>"config LogStash::Outputs::File/@file_mode = -1", :level=>:debug, :file=>"logstash/config/mixin.rb", :line=>"153", :method=>"config_init"}
{:timestamp=>"2016-05-23T15:21:02.194000+0000", :message=>"each: file grew: /config-dir/input.log: old size 12, new size 17", :level=>:debug, :file=>"filewatch/watch.rb", :line=>"254", :method=>"each"}
{:timestamp=>"2016-05-23T15:21:02.207000+0000", :message=>"Will start workers for output", :worker_count=>1, :class=>LogStash::Outputs::File, :level=>:debug, :file=>"logstash/output_delegator.rb", :line=>"77", :method=>"register"}
{:timestamp=>"2016-05-23T15:21:02.214000+0000", :message=>"Starting pipeline", :id=>"main", :pipeline_workers=>1, :batch_size=>125, :batch_delay=>5, :max_inflight=>125, :level=>:info, :file=>"logstash/pipeline.rb", :line=>"188", :method=>"start_workers"}
{:timestamp=>"2016-05-23T15:21:02.222000+0000", :message=>"Pipeline main started", :file=>"logstash/agent.rb", :line=>"465", :method=>"start_pipeline"}
{:timestamp=>"2016-05-23T15:21:03.207000+0000", :message=>"each: file grew: /config-dir/input.log: old size 12, new size 17", :level=>:debug, :file=>"filewatch/watch.rb", :line=>"254", :method=>"each"}
{:timestamp=>"2016-05-23T15:21:04.209000+0000", :message=>"each: file grew: /config-dir/input.log: old size 12, new size 17", :level=>:debug, :file=>"filewatch/watch.rb", :line=>"254", :method=>"each"}
{:timestamp=>"2016-05-23T15:21:05.213000+0000", :message=>"each: file grew: /config-dir/input.log: old size 12, new size 17", :level=>:debug, :file=>"filewatch/watch.rb", :line=>"254", :method=>"each"}
{:timestamp=>"2016-05-23T15:21:06.217000+0000", :message=>"each: file grew: /config-dir/input.log: old size 12, new size 17", :level=>:debug, :file=>"filewatch/watch.rb", :line=>"254", :method=>"each"}
{:timestamp=>"2016-05-23T15:21:07.220000+0000", :message=>"each: file grew: /config-dir/input.log: old size 12, new size 17", :level=>:debug, :file=>"filewatch/watch.rb", :line=>"254", :method=>"each"}
{:timestamp=>"2016-05-23T15:21:07.227000+0000", :message=>"Pushing flush onto pipeline", :level=>:debug, :file=>"logstash/pipeline.rb", :line=>"458", :method=>"flush"}
{:timestamp=>"2016-05-23T15:21:08.226000+0000", :message=>"each: file grew: /config-dir/input.log: old size 12, new size 17", :level=>:debug, :file=>"filewatch/watch.rb", :line=>"254", :method=>"each"}
{:timestamp=>"2016-05-23T15:21:09.246000+0000", :message=>"each: file grew: /config-dir/input.log: old size 12, new size 17", :level=>:debug, :file=>"filewatch/watch.rb", :line=>"254", :method=>"each"}
{:timestamp=>"2016-05-23T15:21:10.252000+0000", :message=>"each: file grew: /config-dir/input.log: old size 12, new size 17", :level=>:debug, :file=>"filewatch/watch.rb", :line=>"254", :method=>"each"}
{:timestamp=>"2016-05-23T15:21:11.259000+0000", :message=>"each: file grew: /config-dir/input.log: old size 12, new size 17", :level=>:debug, :file=>"filewatch/watch.rb", :line=>"254", :method=>"each"}
{:timestamp=>"2016-05-23T15:21:12.233000+0000", :message=>"Pushing flush onto pipeline", :level=>:debug, :file=>"logstash/pipeline.rb", :line=>"458", :method=>"flush"}
{:timestamp=>"2016-05-23T15:21:12.265000+0000", :message=>"each: file grew: /config-dir/input.log: old size 12, new size 17", :level=>:debug, :file=>"filewatch/watch.rb", :line=>"254", :method=>"each"}
{:timestamp=>"2016-05-23T15:21:13.269000+0000", :message=>"each: file grew: /config-dir/input.log: old size 12, new size 17", :level=>:debug, :file=>"filewatch/watch.rb", :line=>"254", :method=>"each"}
{:timestamp=>"2016-05-23T15:21:14.273000+0000", :message=>"each: file grew: /config-dir/input.log: old size 12, new size 17", :level=>:debug, :file=>"filewatch/watch.rb", :line=>"254", :method=>"each"}
{:timestamp=>"2016-05-23T15:21:15.279000+0000", :message=>"each: file grew: /config-dir/input.log: old size 12, new size 17", :level=>:debug, :file=>"filewatch/watch.rb", :line=>"254", :method=>"each"}
{:timestamp=>"2016-05-23T15:21:16.284000+0000", :message=>"each: file grew: /config-dir/input.log: old size 12, new size 17", :level=>:debug, :file=>"filewatch/watch.rb", :line=>"254", :method=>"each"}
{:timestamp=>"2016-05-23T15:21:16.298000+0000", :message=>"_globbed_files: /config-dir/input.log: glob is: [\"/config-dir/input.log\"]", :level=>:debug, :file=>"filewatch/watch.rb", :line=>"346", :method=>"_globbed_files"}
{:timestamp=>"2016-05-23T15:21:17.233000+0000", :message=>"Pushing flush onto pipeline", :level=>:debug, :file=>"logstash/pipeline.rb", :line=>"458", :method=>"flush"}
{:timestamp=>"2016-05-23T15:21:17.303000+0000", :message=>"each: file grew: /config-dir/input.log: old size 12, new size 17", :level=>:debug, :file=>"filewatch/watch.rb", :line=>"254", :method=>"each"}
{:timestamp=>"2016-05-23T15:21:18.305000+0000", :message=>"each: file grew: /config-dir/input.log: old size 12, new size 17", :level=>:debug, :file=>"filewatch/watch.rb", :line=>"254", :method=>"each"}
{:timestamp=>"2016-05-23T15:21:19.318000+0000", :message=>"each: file grew: /config-dir/input.log: old size 12, new size 17", :level=>:debug, :file=>"filewatch/watch.rb", :line=>"254", :method=>"each"}
{:timestamp=>"2016-05-23T15:21:20.322000+0000", :message=>"each: file grew: /config-dir/input.log: old size 12, new size 17", :level=>:debug, :file=>"filewatch/watch.rb", :line=>"254", :method=>"each"}
{:timestamp=>"2016-05-23T15:21:21.325000+0000", :message=>"each: file grew: /config-dir/input.log: old size 12, new size 17", :level=>:debug, :file=>"filewatch/watch.rb", :line=>"254", :method=>"each"}
{:timestamp=>"2016-05-23T15:21:22.234000+0000", :message=>"Pushing flush onto pipeline", :level=>:debug, :file=>"logstash/pipeline.rb", :line=>"458", :method=>"flush"}
{:timestamp=>"2016-05-23T15:21:22.329000+0000", :message=>"each: file grew: /config-dir/input.log: old size 12, new size 17", :level=>:debug, :file=>"filewatch/watch.rb", :line=>"254", :method=>"each"}
{:timestamp=>"2016-05-23T15:21:23.333000+0000", :message=>"each: file grew: /config-dir/input.log: old size 12, new size 17", :level=>:debug, :file=>"filewatch/watch.rb", :line=>"254", :method=>"each"}
{:timestamp=>"2016-05-23T15:21:24.335000+0000", :message=>"each: file grew: /config-dir/input.log: old size 12, new size 17", :level=>:debug, :file=>"filewatch/watch.rb", :line=>"254", :method=>"each"}
{:timestamp=>"2016-05-23T15:21:25.338000+0000", :message=>"each: file grew: /config-dir/input.log: old size 12, new size 17", :level=>:debug, :file=>"filewatch/watch.rb", :line=>"254", :method=>"each"}
{:timestamp=>"2016-05-23T15:21:26.342000+0000", :message=>"each: file grew: /config-dir/input.log: old size 12, new size 17", :level=>:debug, :file=>"filewatch/watch.rb", :line=>"254", :method=>"each"}
{:timestamp=>"2016-05-23T15:21:27.235000+0000", :message=>"Pushing flush onto pipeline", :level=>:debug, :file=>"logstash/pipeline.rb", :line=>"458", :method=>"flush"}
{:timestamp=>"2016-05-23T15:21:27.346000+0000", :message=>"each: file grew: /config-dir/input.log: old size 12, new size 17", :level=>:debug, :file=>"filewatch/watch.rb", :line=>"254", :method=>"each"}
{:timestamp=>"2016-05-23T15:21:28.349000+0000", :message=>"each: file grew: /config-dir/input.log: old size 12, new size 17", :level=>:debug, :file=>"filewatch/watch.rb", :line=>"254", :method=>"each"}
{:timestamp=>"2016-05-23T15:21:29.354000+0000", :message=>"each: file grew: /config-dir/input.log: old size 12, new size 17", :level=>:debug, :file=>"filewatch/watch.rb", :line=>"254", :method=>"each"}
{:timestamp=>"2016-05-23T15:21:30.361000+0000", :message=>"each: file grew: /config-dir/input.log: old size 12, new size 17", :level=>:debug, :file=>"filewatch/watch.rb", :line=>"254", :method=>"each"}
{:timestamp=>"2016-05-23T15:21:31.364000+0000", :message=>"each: file grew: /config-dir/input.log: old size 12, new size 17", :level=>:debug, :file=>"filewatch/watch.rb", :line=>"254", :method=>"each"}
{:timestamp=>"2016-05-23T15:21:31.368000+0000", :message=>"_globbed_files: /config-dir/input.log: glob is: [\"/config-dir/input.log\"]", :level=>:debug, :file=>"filewatch/watch.rb", :line=>"346", :method=>"_globbed_files"}
{:timestamp=>"2016-05-23T15:21:32.241000+0000", :message=>"Pushing flush onto pipeline", :level=>:debug, :file=>"logstash/pipeline.rb", :line=>"458", :method=>"flush"}
{:timestamp=>"2016-05-23T15:21:32.371000+0000", :message=>"each: file grew: /config-dir/input.log: old size 12, new size 17", :level=>:debug, :file=>"filewatch/watch.rb", :line=>"254", :method=>"each"}
{:timestamp=>"2016-05-23T15:21:33.373000+0000", :message=>"each: file grew: /config-dir/input.log: old size 12, new size 17", :level=>:debug, :file=>"filewatch/watch.rb", :line=>"254", :method=>"each"}
{:timestamp=>"2016-05-23T15:21:34.385000+0000", :message=>"each: file grew: /config-dir/input.log: old size 12, new size 17", :level=>:debug, :file=>"filewatch/watch.rb", :line=>"254", :method=>"each"}
{:timestamp=>"2016-05-23T15:21:35.388000+0000", :message=>"each: file grew: /config-dir/input.log: old size 12, new size 17", :level=>:debug, :file=>"filewatch/watch.rb", :line=>"254", :method=>"each"}
{:timestamp=>"2016-05-23T15:21:36.390000+0000", :message=>"each: file grew: /config-dir/input.log: old size 12, new size 17", :level=>:debug, :file=>"filewatch/watch.rb", :line=>"254", :method=>"each"}
{:timestamp=>"2016-05-23T15:21:37.242000+0000", :message=>"Pushing flush onto pipeline", :level=>:debug, :file=>"logstash/pipeline.rb", :line=>"458", :method=>"flush"}
{:timestamp=>"2016-05-23T15:21:37.395000+0000", :message=>"each: file grew: /config-dir/input.log: old size 12, new size 17", :level=>:debug, :file=>"filewatch/watch.rb", :line=>"254", :method=>"each"}
{:timestamp=>"2016-05-23T15:21:38.406000+0000", :message=>"each: file grew: /config-dir/input.log: old size 12, new size 17", :level=>:debug, :file=>"filewatch/watch.rb", :line=>"254", :method=>"each"}
{:timestamp=>"2016-05-23T15:21:39.409000+0000", :message=>"each: file grew: /config-dir/input.log: old size 12, new size 17", :level=>:debug, :file=>"filewatch/watch.rb", :line=>"254", :method=>"each"}
{:timestamp=>"2016-05-23T15:21:40.414000+0000", :message=>"each: file grew: /config-dir/input.log: old size 12, new size 17", :level=>:debug, :file=>"filewatch/watch.rb", :line=>"254", :method=>"each"}
{:timestamp=>"2016-05-23T15:21:41.418000+0000", :message=>"each: file grew: /config-dir/input.log: old size 12, new size 17", :level=>:debug, :file=>"filewatch/watch.rb", :line=>"254", :method=>"each"}
{:timestamp=>"2016-05-23T15:21:42.242000+0000", :message=>"Pushing flush onto pipeline", :level=>:debug, :file=>"logstash/pipeline.rb", :line=>"458", :method=>"flush"}
{:timestamp=>"2016-05-23T15:21:42.426000+0000", :message=>"each: file grew: /config-dir/input.log: old size 12, new size 17", :level=>:debug, :file=>"filewatch/watch.rb", :line=>"254", :method=>"each"}
{:timestamp=>"2016-05-23T15:21:43.430000+0000", :message=>"each: file grew: /config-dir/input.log: old size 12, new size 17", :level=>:debug, :file=>"filewatch/watch.rb", :line=>"254", :method=>"each"}
{:timestamp=>"2016-05-23T15:21:43.700000+0000", :message=>"SIGINT received. Shutting down the agent.", :level=>:warn, :file=>"logstash/agent.rb", :line=>"322", :method=>"trap_sigint"}
{:timestamp=>"2016-05-23T15:21:43.703000+0000", :message=>"stopping pipeline", :id=>"main", :file=>"logstash/agent.rb", :line=>"404", :method=>"shutdown_pipelines"}
{:timestamp=>"2016-05-23T15:21:43.704000+0000", :message=>"Closing inputs", :level=>:info, :file=>"logstash/pipeline.rb", :line=>"384", :method=>"shutdown"}
{:timestamp=>"2016-05-23T15:21:43.705000+0000", :message=>"stopping", :plugin=><LogStash::Inputs::File path=>["/config-dir/input.log"], codec=><LogStash::Codecs::Line charset=>"UTF-8", delimiter=>"\n">, sincedb_path=>"/dev/null", start_position=>"beginning", ignore_older=>0, stat_interval=>1, discover_interval=>15, sincedb_write_interval=>15, delimiter=>"\n", close_older=>3600>, :level=>:debug, :file=>"logstash/inputs/base.rb", :line=>"81", :method=>"do_stop"}
{:timestamp=>"2016-05-23T15:21:43.713000+0000", :message=>"Closed inputs", :level=>:info, :file=>"logstash/pipeline.rb", :line=>"386", :method=>"shutdown"}
{:timestamp=>"2016-05-23T15:21:44.095000+0000", :message=>"SIGINT received. Terminating immediately..", :level=>:fatal, :file=>"logstash/agent.rb", :line=>"319", :method=>"trap_sigint"}
