{:timestamp=>"2016-05-23T15:20:06.682000+0000", :message=>"Reading config file", :config_file=>"/config-dir/logstash-file-to-stdout.conf", :level=>:debug, :file=>"logstash/config/loader.rb", :line=>"69", :method=>"local_config"}
{:timestamp=>"2016-05-23T15:20:06.758000+0000", :message=>"Plugin not defined in namespace, checking for plugin file", :type=>"input", :name=>"file", :path=>"logstash/inputs/file", :level=>:debug, :file=>"logstash/plugin.rb", :line=>"76", :method=>"lookup"}
{:timestamp=>"2016-05-23T15:20:06.796000+0000", :message=>"Plugin not defined in namespace, checking for plugin file", :type=>"codec", :name=>"line", :path=>"logstash/codecs/line", :level=>:debug, :file=>"logstash/plugin.rb", :line=>"76", :method=>"lookup"}
{:timestamp=>"2016-05-23T15:20:06.811000+0000", :message=>"config LogStash::Codecs::Line/@charset = \"UTF-8\"", :level=>:debug, :file=>"logstash/config/mixin.rb", :line=>"153", :method=>"config_init"}
{:timestamp=>"2016-05-23T15:20:06.816000+0000", :message=>"config LogStash::Codecs::Line/@delimiter = \"\\n\"", :level=>:debug, :file=>"logstash/config/mixin.rb", :line=>"153", :method=>"config_init"}
{:timestamp=>"2016-05-23T15:20:06.840000+0000", :message=>"config LogStash::Inputs::File/@path = [\"/config-dir/input.log\"]", :level=>:debug, :file=>"logstash/config/mixin.rb", :line=>"153", :method=>"config_init"}
{:timestamp=>"2016-05-23T15:20:06.843000+0000", :message=>"config LogStash::Inputs::File/@codec = <LogStash::Codecs::Line charset=>\"UTF-8\", delimiter=>\"\\n\">", :level=>:debug, :file=>"logstash/config/mixin.rb", :line=>"153", :method=>"config_init"}
{:timestamp=>"2016-05-23T15:20:06.846000+0000", :message=>"config LogStash::Inputs::File/@sincedb_path = \"/dev/null\"", :level=>:debug, :file=>"logstash/config/mixin.rb", :line=>"153", :method=>"config_init"}
{:timestamp=>"2016-05-23T15:20:06.850000+0000", :message=>"config LogStash::Inputs::File/@start_position = \"beginning\"", :level=>:debug, :file=>"logstash/config/mixin.rb", :line=>"153", :method=>"config_init"}
{:timestamp=>"2016-05-23T15:20:06.856000+0000", :message=>"config LogStash::Inputs::File/@ignore_older = 0", :level=>:debug, :file=>"logstash/config/mixin.rb", :line=>"153", :method=>"config_init"}
{:timestamp=>"2016-05-23T15:20:06.860000+0000", :message=>"config LogStash::Inputs::File/@add_field = {}", :level=>:debug, :file=>"logstash/config/mixin.rb", :line=>"153", :method=>"config_init"}
{:timestamp=>"2016-05-23T15:20:06.876000+0000", :message=>"config LogStash::Inputs::File/@stat_interval = 1", :level=>:debug, :file=>"logstash/config/mixin.rb", :line=>"153", :method=>"config_init"}
{:timestamp=>"2016-05-23T15:20:06.879000+0000", :message=>"config LogStash::Inputs::File/@discover_interval = 15", :level=>:debug, :file=>"logstash/config/mixin.rb", :line=>"153", :method=>"config_init"}
{:timestamp=>"2016-05-23T15:20:06.882000+0000", :message=>"config LogStash::Inputs::File/@sincedb_write_interval = 15", :level=>:debug, :file=>"logstash/config/mixin.rb", :line=>"153", :method=>"config_init"}
{:timestamp=>"2016-05-23T15:20:06.884000+0000", :message=>"config LogStash::Inputs::File/@delimiter = \"\\n\"", :level=>:debug, :file=>"logstash/config/mixin.rb", :line=>"153", :method=>"config_init"}
{:timestamp=>"2016-05-23T15:20:06.896000+0000", :message=>"config LogStash::Inputs::File/@close_older = 3600", :level=>:debug, :file=>"logstash/config/mixin.rb", :line=>"153", :method=>"config_init"}
{:timestamp=>"2016-05-23T15:20:06.901000+0000", :message=>"Plugin not defined in namespace, checking for plugin file", :type=>"output", :name=>"stdout", :path=>"logstash/outputs/stdout", :level=>:debug, :file=>"logstash/plugin.rb", :line=>"76", :method=>"lookup"}
{:timestamp=>"2016-05-23T15:20:06.906000+0000", :message=>"starting agent", :level=>:info, :file=>"logstash/agent.rb", :line=>"207", :method=>"execute"}
{:timestamp=>"2016-05-23T15:20:06.908000+0000", :message=>"starting pipeline", :id=>"main", :level=>:info, :file=>"logstash/agent.rb", :line=>"461", :method=>"start_pipeline"}
{:timestamp=>"2016-05-23T15:20:07.198000+0000", :message=>"Registering file input", :path=>["/config-dir/input.log"], :level=>:info, :file=>"logstash/inputs/file.rb", :line=>"171", :method=>"register"}
{:timestamp=>"2016-05-23T15:20:07.223000+0000", :message=>"Plugin not defined in namespace, checking for plugin file", :type=>"codec", :name=>"rubydebug", :path=>"logstash/codecs/rubydebug", :level=>:debug, :file=>"logstash/plugin.rb", :line=>"76", :method=>"lookup"}
{:timestamp=>"2016-05-23T15:20:07.228000+0000", :message=>"_globbed_files: /config-dir/input.log: glob is: [\"/config-dir/input.log\"]", :level=>:debug, :file=>"filewatch/watch.rb", :line=>"346", :method=>"_globbed_files"}
{:timestamp=>"2016-05-23T15:20:07.236000+0000", :message=>"_discover_file: /config-dir/input.log: new: /config-dir/input.log (exclude is [])", :level=>:debug, :file=>"filewatch/watch.rb", :line=>"310", :method=>"_discover_file"}
{:timestamp=>"2016-05-23T15:20:07.237000+0000", :message=>"config LogStash::Codecs::RubyDebug/@metadata = false", :level=>:debug, :file=>"logstash/config/mixin.rb", :line=>"153", :method=>"config_init"}
{:timestamp=>"2016-05-23T15:20:07.242000+0000", :message=>"_open_file: /config-dir/input.log: opening", :level=>:debug, :file=>"filewatch/tail_base.rb", :line=>"86", :method=>"_open_file"}
{:timestamp=>"2016-05-23T15:20:07.260000+0000", :message=>"/config-dir/input.log: initial create, no sincedb, seeking to beginning of file", :level=>:debug, :file=>"filewatch/tail_base.rb", :line=>"144", :method=>"_add_to_sincedb"}
{:timestamp=>"2016-05-23T15:20:07.267000+0000", :message=>"Received line", :path=>"/config-dir/input.log", :text=>"test1", :level=>:debug, :file=>"logstash/inputs/file.rb", :line=>"306", :method=>"log_line_received"}
{:timestamp=>"2016-05-23T15:20:07.286000+0000", :message=>"Received line", :path=>"/config-dir/input.log", :text=>"test1", :level=>:debug, :file=>"logstash/inputs/file.rb", :line=>"306", :method=>"log_line_received"}
{:timestamp=>"2016-05-23T15:20:07.288000+0000", :message=>"writing sincedb (delta since last write = 1464016807)", :level=>:debug, :file=>"filewatch/observing_tail.rb", :line=>"102", :method=>"observe_read_file"}
{:timestamp=>"2016-05-23T15:20:07.291000+0000", :message=>"each: file grew: /config-dir/input.log: old size 12, new size 17", :level=>:debug, :file=>"filewatch/watch.rb", :line=>"254", :method=>"each"}
{:timestamp=>"2016-05-23T15:20:07.324000+0000", :message=>"config LogStash::Outputs::Stdout/@codec = <LogStash::Codecs::RubyDebug metadata=>false>", :level=>:debug, :file=>"logstash/config/mixin.rb", :line=>"153", :method=>"config_init"}
{:timestamp=>"2016-05-23T15:20:07.331000+0000", :message=>"config LogStash::Outputs::Stdout/@workers = 1", :level=>:debug, :file=>"logstash/config/mixin.rb", :line=>"153", :method=>"config_init"}
{:timestamp=>"2016-05-23T15:20:07.336000+0000", :message=>"Will start workers for output", :worker_count=>1, :class=>LogStash::Outputs::Stdout, :level=>:debug, :file=>"logstash/output_delegator.rb", :line=>"77", :method=>"register"}
{:timestamp=>"2016-05-23T15:20:07.359000+0000", :message=>"Starting pipeline", :id=>"main", :pipeline_workers=>1, :batch_size=>125, :batch_delay=>5, :max_inflight=>125, :level=>:info, :file=>"logstash/pipeline.rb", :line=>"188", :method=>"start_workers"}
{:timestamp=>"2016-05-23T15:20:07.367000+0000", :message=>"Pipeline main started", :file=>"logstash/agent.rb", :line=>"465", :method=>"start_pipeline"}
{:timestamp=>"2016-05-23T15:20:08.293000+0000", :message=>"each: file grew: /config-dir/input.log: old size 12, new size 17", :level=>:debug, :file=>"filewatch/watch.rb", :line=>"254", :method=>"each"}
{:timestamp=>"2016-05-23T15:20:09.298000+0000", :message=>"each: file grew: /config-dir/input.log: old size 12, new size 17", :level=>:debug, :file=>"filewatch/watch.rb", :line=>"254", :method=>"each"}
{:timestamp=>"2016-05-23T15:20:10.300000+0000", :message=>"each: file grew: /config-dir/input.log: old size 12, new size 17", :level=>:debug, :file=>"filewatch/watch.rb", :line=>"254", :method=>"each"}
{:timestamp=>"2016-05-23T15:20:11.306000+0000", :message=>"each: file grew: /config-dir/input.log: old size 12, new size 17", :level=>:debug, :file=>"filewatch/watch.rb", :line=>"254", :method=>"each"}
{:timestamp=>"2016-05-23T15:20:12.309000+0000", :message=>"each: file grew: /config-dir/input.log: old size 12, new size 17", :level=>:debug, :file=>"filewatch/watch.rb", :line=>"254", :method=>"each"}
{:timestamp=>"2016-05-23T15:20:12.375000+0000", :message=>"Pushing flush onto pipeline", :level=>:debug, :file=>"logstash/pipeline.rb", :line=>"458", :method=>"flush"}
{:timestamp=>"2016-05-23T15:20:13.313000+0000", :message=>"each: file grew: /config-dir/input.log: old size 12, new size 17", :level=>:debug, :file=>"filewatch/watch.rb", :line=>"254", :method=>"each"}
{:timestamp=>"2016-05-23T15:20:14.319000+0000", :message=>"each: file grew: /config-dir/input.log: old size 12, new size 17", :level=>:debug, :file=>"filewatch/watch.rb", :line=>"254", :method=>"each"}
{:timestamp=>"2016-05-23T15:20:15.322000+0000", :message=>"each: file grew: /config-dir/input.log: old size 12, new size 17", :level=>:debug, :file=>"filewatch/watch.rb", :line=>"254", :method=>"each"}
{:timestamp=>"2016-05-23T15:20:16.329000+0000", :message=>"each: file grew: /config-dir/input.log: old size 12, new size 17", :level=>:debug, :file=>"filewatch/watch.rb", :line=>"254", :method=>"each"}
{:timestamp=>"2016-05-23T15:20:17.338000+0000", :message=>"each: file grew: /config-dir/input.log: old size 12, new size 17", :level=>:debug, :file=>"filewatch/watch.rb", :line=>"254", :method=>"each"}
{:timestamp=>"2016-05-23T15:20:17.380000+0000", :message=>"Pushing flush onto pipeline", :level=>:debug, :file=>"logstash/pipeline.rb", :line=>"458", :method=>"flush"}
{:timestamp=>"2016-05-23T15:20:18.342000+0000", :message=>"each: file grew: /config-dir/input.log: old size 12, new size 17", :level=>:debug, :file=>"filewatch/watch.rb", :line=>"254", :method=>"each"}
{:timestamp=>"2016-05-23T15:20:19.351000+0000", :message=>"each: file grew: /config-dir/input.log: old size 12, new size 17", :level=>:debug, :file=>"filewatch/watch.rb", :line=>"254", :method=>"each"}
{:timestamp=>"2016-05-23T15:20:20.370000+0000", :message=>"each: file grew: /config-dir/input.log: old size 12, new size 17", :level=>:debug, :file=>"filewatch/watch.rb", :line=>"254", :method=>"each"}
{:timestamp=>"2016-05-23T15:20:21.376000+0000", :message=>"each: file grew: /config-dir/input.log: old size 12, new size 17", :level=>:debug, :file=>"filewatch/watch.rb", :line=>"254", :method=>"each"}
{:timestamp=>"2016-05-23T15:20:21.378000+0000", :message=>"_globbed_files: /config-dir/input.log: glob is: [\"/config-dir/input.log\"]", :level=>:debug, :file=>"filewatch/watch.rb", :line=>"346", :method=>"_globbed_files"}
{:timestamp=>"2016-05-23T15:20:22.380000+0000", :message=>"Pushing flush onto pipeline", :level=>:debug, :file=>"logstash/pipeline.rb", :line=>"458", :method=>"flush"}
{:timestamp=>"2016-05-23T15:20:22.387000+0000", :message=>"each: file grew: /config-dir/input.log: old size 12, new size 17", :level=>:debug, :file=>"filewatch/watch.rb", :line=>"254", :method=>"each"}
{:timestamp=>"2016-05-23T15:20:23.399000+0000", :message=>"each: file grew: /config-dir/input.log: old size 12, new size 17", :level=>:debug, :file=>"filewatch/watch.rb", :line=>"254", :method=>"each"}
{:timestamp=>"2016-05-23T15:20:24.402000+0000", :message=>"each: file grew: /config-dir/input.log: old size 12, new size 17", :level=>:debug, :file=>"filewatch/watch.rb", :line=>"254", :method=>"each"}
{:timestamp=>"2016-05-23T15:20:25.405000+0000", :message=>"each: file grew: /config-dir/input.log: old size 12, new size 17", :level=>:debug, :file=>"filewatch/watch.rb", :line=>"254", :method=>"each"}
{:timestamp=>"2016-05-23T15:20:26.410000+0000", :message=>"each: file grew: /config-dir/input.log: old size 12, new size 17", :level=>:debug, :file=>"filewatch/watch.rb", :line=>"254", :method=>"each"}
{:timestamp=>"2016-05-23T15:20:27.384000+0000", :message=>"Pushing flush onto pipeline", :level=>:debug, :file=>"logstash/pipeline.rb", :line=>"458", :method=>"flush"}
{:timestamp=>"2016-05-23T15:20:27.416000+0000", :message=>"each: file grew: /config-dir/input.log: old size 12, new size 17", :level=>:debug, :file=>"filewatch/watch.rb", :line=>"254", :method=>"each"}
{:timestamp=>"2016-05-23T15:20:28.420000+0000", :message=>"each: file grew: /config-dir/input.log: old size 12, new size 17", :level=>:debug, :file=>"filewatch/watch.rb", :line=>"254", :method=>"each"}
{:timestamp=>"2016-05-23T15:20:29.429000+0000", :message=>"each: file grew: /config-dir/input.log: old size 12, new size 17", :level=>:debug, :file=>"filewatch/watch.rb", :line=>"254", :method=>"each"}
{:timestamp=>"2016-05-23T15:20:30.433000+0000", :message=>"each: file grew: /config-dir/input.log: old size 12, new size 17", :level=>:debug, :file=>"filewatch/watch.rb", :line=>"254", :method=>"each"}
{:timestamp=>"2016-05-23T15:20:31.439000+0000", :message=>"each: file grew: /config-dir/input.log: old size 12, new size 17", :level=>:debug, :file=>"filewatch/watch.rb", :line=>"254", :method=>"each"}
{:timestamp=>"2016-05-23T15:20:32.386000+0000", :message=>"Pushing flush onto pipeline", :level=>:debug, :file=>"logstash/pipeline.rb", :line=>"458", :method=>"flush"}
{:timestamp=>"2016-05-23T15:20:32.441000+0000", :message=>"each: file grew: /config-dir/input.log: old size 12, new size 17", :level=>:debug, :file=>"filewatch/watch.rb", :line=>"254", :method=>"each"}
{:timestamp=>"2016-05-23T15:20:33.443000+0000", :message=>"each: file grew: /config-dir/input.log: old size 12, new size 17", :level=>:debug, :file=>"filewatch/watch.rb", :line=>"254", :method=>"each"}
{:timestamp=>"2016-05-23T15:20:34.446000+0000", :message=>"each: file grew: /config-dir/input.log: old size 12, new size 17", :level=>:debug, :file=>"filewatch/watch.rb", :line=>"254", :method=>"each"}
{:timestamp=>"2016-05-23T15:20:35.449000+0000", :message=>"each: file grew: /config-dir/input.log: old size 12, new size 17", :level=>:debug, :file=>"filewatch/watch.rb", :line=>"254", :method=>"each"}
{:timestamp=>"2016-05-23T15:20:36.452000+0000", :message=>"each: file grew: /config-dir/input.log: old size 12, new size 17", :level=>:debug, :file=>"filewatch/watch.rb", :line=>"254", :method=>"each"}
{:timestamp=>"2016-05-23T15:20:36.457000+0000", :message=>"_globbed_files: /config-dir/input.log: glob is: [\"/config-dir/input.log\"]", :level=>:debug, :file=>"filewatch/watch.rb", :line=>"346", :method=>"_globbed_files"}
{:timestamp=>"2016-05-23T15:20:37.388000+0000", :message=>"Pushing flush onto pipeline", :level=>:debug, :file=>"logstash/pipeline.rb", :line=>"458", :method=>"flush"}
{:timestamp=>"2016-05-23T15:20:37.459000+0000", :message=>"each: file grew: /config-dir/input.log: old size 12, new size 17", :level=>:debug, :file=>"filewatch/watch.rb", :line=>"254", :method=>"each"}
{:timestamp=>"2016-05-23T15:20:38.466000+0000", :message=>"each: file grew: /config-dir/input.log: old size 12, new size 17", :level=>:debug, :file=>"filewatch/watch.rb", :line=>"254", :method=>"each"}
{:timestamp=>"2016-05-23T15:20:39.469000+0000", :message=>"each: file grew: /config-dir/input.log: old size 12, new size 17", :level=>:debug, :file=>"filewatch/watch.rb", :line=>"254", :method=>"each"}
{:timestamp=>"2016-05-23T15:20:40.475000+0000", :message=>"each: file grew: /config-dir/input.log: old size 12, new size 17", :level=>:debug, :file=>"filewatch/watch.rb", :line=>"254", :method=>"each"}
{:timestamp=>"2016-05-23T15:20:41.481000+0000", :message=>"each: file grew: /config-dir/input.log: old size 12, new size 17", :level=>:debug, :file=>"filewatch/watch.rb", :line=>"254", :method=>"each"}
{:timestamp=>"2016-05-23T15:20:42.392000+0000", :message=>"Pushing flush onto pipeline", :level=>:debug, :file=>"logstash/pipeline.rb", :line=>"458", :method=>"flush"}
{:timestamp=>"2016-05-23T15:20:42.485000+0000", :message=>"each: file grew: /config-dir/input.log: old size 12, new size 17", :level=>:debug, :file=>"filewatch/watch.rb", :line=>"254", :method=>"each"}
{:timestamp=>"2016-05-23T15:20:43.489000+0000", :message=>"each: file grew: /config-dir/input.log: old size 12, new size 17", :level=>:debug, :file=>"filewatch/watch.rb", :line=>"254", :method=>"each"}
{:timestamp=>"2016-05-23T15:20:44.492000+0000", :message=>"each: file grew: /config-dir/input.log: old size 12, new size 17", :level=>:debug, :file=>"filewatch/watch.rb", :line=>"254", :method=>"each"}
{:timestamp=>"2016-05-23T15:20:45.497000+0000", :message=>"each: file grew: /config-dir/input.log: old size 12, new size 17", :level=>:debug, :file=>"filewatch/watch.rb", :line=>"254", :method=>"each"}
{:timestamp=>"2016-05-23T15:20:46.502000+0000", :message=>"each: file grew: /config-dir/input.log: old size 12, new size 17", :level=>:debug, :file=>"filewatch/watch.rb", :line=>"254", :method=>"each"}
{:timestamp=>"2016-05-23T15:20:46.944000+0000", :message=>"SIGINT received. Shutting down the agent.", :level=>:warn, :file=>"logstash/agent.rb", :line=>"322", :method=>"trap_sigint"}
{:timestamp=>"2016-05-23T15:20:46.951000+0000", :message=>"stopping pipeline", :id=>"main", :file=>"logstash/agent.rb", :line=>"404", :method=>"shutdown_pipelines"}
{:timestamp=>"2016-05-23T15:20:46.960000+0000", :message=>"Closing inputs", :level=>:info, :file=>"logstash/pipeline.rb", :line=>"384", :method=>"shutdown"}
{:timestamp=>"2016-05-23T15:20:46.962000+0000", :message=>"stopping", :plugin=><LogStash::Inputs::File path=>["/config-dir/input.log"], codec=><LogStash::Codecs::Line charset=>"UTF-8", delimiter=>"\n">, sincedb_path=>"/dev/null", start_position=>"beginning", ignore_older=>0, stat_interval=>1, discover_interval=>15, sincedb_write_interval=>15, delimiter=>"\n", close_older=>3600>, :level=>:debug, :file=>"logstash/inputs/base.rb", :line=>"81", :method=>"do_stop"}
{:timestamp=>"2016-05-23T15:20:46.964000+0000", :message=>"Closed inputs", :level=>:info, :file=>"logstash/pipeline.rb", :line=>"386", :method=>"shutdown"}
{:timestamp=>"2016-05-23T15:20:47.138000+0000", :message=>"SIGINT received. Terminating immediately..", :level=>:fatal, :file=>"logstash/agent.rb", :line=>"319", :method=>"trap_sigint"}
