{:timestamp=>"2016-05-23T15:27:39.978000+0000", :message=>"Reading config file", :config_file=>"/config-dir/logstash-stdin-to-stdout.conf", :level=>:debug, :file=>"logstash/config/loader.rb", :line=>"69", :method=>"local_config"}
{:timestamp=>"2016-05-23T15:27:40.042000+0000", :message=>"Plugin not defined in namespace, checking for plugin file", :type=>"input", :name=>"stdin", :path=>"logstash/inputs/stdin", :level=>:debug, :file=>"logstash/plugin.rb", :line=>"76", :method=>"lookup"}
{:timestamp=>"2016-05-23T15:27:40.059000+0000", :message=>"Plugin not defined in namespace, checking for plugin file", :type=>"codec", :name=>"line", :path=>"logstash/codecs/line", :level=>:debug, :file=>"logstash/plugin.rb", :line=>"76", :method=>"lookup"}
{:timestamp=>"2016-05-23T15:27:40.085000+0000", :message=>"config LogStash::Codecs::Line/@charset = \"UTF-8\"", :level=>:debug, :file=>"logstash/config/mixin.rb", :line=>"153", :method=>"config_init"}
{:timestamp=>"2016-05-23T15:27:40.088000+0000", :message=>"config LogStash::Codecs::Line/@delimiter = \"\\n\"", :level=>:debug, :file=>"logstash/config/mixin.rb", :line=>"153", :method=>"config_init"}
{:timestamp=>"2016-05-23T15:27:40.106000+0000", :message=>"config LogStash::Inputs::Stdin/@codec = <LogStash::Codecs::Line charset=>\"UTF-8\", delimiter=>\"\\n\">", :level=>:debug, :file=>"logstash/config/mixin.rb", :line=>"153", :method=>"config_init"}
{:timestamp=>"2016-05-23T15:27:40.109000+0000", :message=>"config LogStash::Inputs::Stdin/@add_field = {}", :level=>:debug, :file=>"logstash/config/mixin.rb", :line=>"153", :method=>"config_init"}
{:timestamp=>"2016-05-23T15:27:40.113000+0000", :message=>"Plugin not defined in namespace, checking for plugin file", :type=>"output", :name=>"stdout", :path=>"logstash/outputs/stdout", :level=>:debug, :file=>"logstash/plugin.rb", :line=>"76", :method=>"lookup"}
{:timestamp=>"2016-05-23T15:27:40.128000+0000", :message=>"starting agent", :level=>:info, :file=>"logstash/agent.rb", :line=>"207", :method=>"execute"}
{:timestamp=>"2016-05-23T15:27:40.129000+0000", :message=>"starting pipeline", :id=>"main", :level=>:info, :file=>"logstash/agent.rb", :line=>"461", :method=>"start_pipeline"}
{:timestamp=>"2016-05-23T15:27:40.158000+0000", :message=>"Plugin not defined in namespace, checking for plugin file", :type=>"codec", :name=>"rubydebug", :path=>"logstash/codecs/rubydebug", :level=>:debug, :file=>"logstash/plugin.rb", :line=>"76", :method=>"lookup"}
{:timestamp=>"2016-05-23T15:27:40.176000+0000", :message=>"config LogStash::Codecs::RubyDebug/@metadata = false", :level=>:debug, :file=>"logstash/config/mixin.rb", :line=>"153", :method=>"config_init"}
{:timestamp=>"2016-05-23T15:27:40.238000+0000", :message=>"config LogStash::Outputs::Stdout/@codec = <LogStash::Codecs::RubyDebug metadata=>false>", :level=>:debug, :file=>"logstash/config/mixin.rb", :line=>"153", :method=>"config_init"}
{:timestamp=>"2016-05-23T15:27:40.244000+0000", :message=>"config LogStash::Outputs::Stdout/@workers = 1", :level=>:debug, :file=>"logstash/config/mixin.rb", :line=>"153", :method=>"config_init"}
{:timestamp=>"2016-05-23T15:27:40.248000+0000", :message=>"Will start workers for output", :worker_count=>1, :class=>LogStash::Outputs::Stdout, :level=>:debug, :file=>"logstash/output_delegator.rb", :line=>"77", :method=>"register"}
{:timestamp=>"2016-05-23T15:27:40.257000+0000", :message=>"Starting pipeline", :id=>"main", :pipeline_workers=>1, :batch_size=>125, :batch_delay=>5, :max_inflight=>125, :level=>:info, :file=>"logstash/pipeline.rb", :line=>"188", :method=>"start_workers"}
{:timestamp=>"2016-05-23T15:27:40.261000+0000", :message=>"Pipeline main started", :file=>"logstash/agent.rb", :line=>"465", :method=>"start_pipeline"}
{:timestamp=>"2016-05-23T15:27:45.277000+0000", :message=>"Pushing flush onto pipeline", :level=>:debug, :file=>"logstash/pipeline.rb", :line=>"458", :method=>"flush"}
{:timestamp=>"2016-05-23T15:27:50.284000+0000", :message=>"Pushing flush onto pipeline", :level=>:debug, :file=>"logstash/pipeline.rb", :line=>"458", :method=>"flush"}
{:timestamp=>"2016-05-23T15:27:55.288000+0000", :message=>"Pushing flush onto pipeline", :level=>:debug, :file=>"logstash/pipeline.rb", :line=>"458", :method=>"flush"}
{:timestamp=>"2016-05-23T15:28:00.295000+0000", :message=>"Pushing flush onto pipeline", :level=>:debug, :file=>"logstash/pipeline.rb", :line=>"458", :method=>"flush"}
{:timestamp=>"2016-05-23T15:28:05.296000+0000", :message=>"Pushing flush onto pipeline", :level=>:debug, :file=>"logstash/pipeline.rb", :line=>"458", :method=>"flush"}
{:timestamp=>"2016-05-23T15:28:06.534000+0000", :message=>"filter received", :event=>{"message"=>"test1", "@version"=>"1", "@timestamp"=>"2016-05-23T15:28:05.851Z", "host"=>"855182b34cbe"}, :level=>:debug, :file=>"(eval)", :line=>"18", :method=>"filter_func"}
{:timestamp=>"2016-05-23T15:28:06.537000+0000", :message=>"output received", :event=>{"message"=>"test1", "@version"=>"1", "@timestamp"=>"2016-05-23T15:28:05.851Z", "host"=>"855182b34cbe"}, :level=>:debug, :file=>"(eval)", :line=>"24", :method=>"output_func"}
{:timestamp=>"2016-05-23T15:28:09.876000+0000", :message=>"filter received", :event=>{"message"=>"test2", "@version"=>"1", "@timestamp"=>"2016-05-23T15:28:09.196Z", "host"=>"855182b34cbe"}, :level=>:debug, :file=>"(eval)", :line=>"18", :method=>"filter_func"}
{:timestamp=>"2016-05-23T15:28:09.881000+0000", :message=>"output received", :event=>{"message"=>"test2", "@version"=>"1", "@timestamp"=>"2016-05-23T15:28:09.196Z", "host"=>"855182b34cbe"}, :level=>:debug, :file=>"(eval)", :line=>"24", :method=>"output_func"}
{:timestamp=>"2016-05-23T15:28:10.300000+0000", :message=>"Pushing flush onto pipeline", :level=>:debug, :file=>"logstash/pipeline.rb", :line=>"458", :method=>"flush"}
{:timestamp=>"2016-05-23T15:28:12.165000+0000", :message=>"filter received", :event=>{"message"=>"test3", "@version"=>"1", "@timestamp"=>"2016-05-23T15:28:11.475Z", "host"=>"855182b34cbe"}, :level=>:debug, :file=>"(eval)", :line=>"18", :method=>"filter_func"}
{:timestamp=>"2016-05-23T15:28:12.167000+0000", :message=>"output received", :event=>{"message"=>"test3", "@version"=>"1", "@timestamp"=>"2016-05-23T15:28:11.475Z", "host"=>"855182b34cbe"}, :level=>:debug, :file=>"(eval)", :line=>"24", :method=>"output_func"}
{:timestamp=>"2016-05-23T15:28:15.309000+0000", :message=>"Pushing flush onto pipeline", :level=>:debug, :file=>"logstash/pipeline.rb", :line=>"458", :method=>"flush"}
{:timestamp=>"2016-05-23T15:28:20.310000+0000", :message=>"Pushing flush onto pipeline", :level=>:debug, :file=>"logstash/pipeline.rb", :line=>"458", :method=>"flush"}
{:timestamp=>"2016-05-23T15:28:23.529000+0000", :message=>"SIGINT received. Shutting down the agent.", :level=>:warn, :file=>"logstash/agent.rb", :line=>"322", :method=>"trap_sigint"}
{:timestamp=>"2016-05-23T15:28:23.533000+0000", :message=>"stopping pipeline", :id=>"main", :file=>"logstash/agent.rb", :line=>"404", :method=>"shutdown_pipelines"}
{:timestamp=>"2016-05-23T15:28:23.541000+0000", :message=>"Closing inputs", :level=>:info, :file=>"logstash/pipeline.rb", :line=>"384", :method=>"shutdown"}
{:timestamp=>"2016-05-23T15:28:23.543000+0000", :message=>"stopping", :plugin=><LogStash::Inputs::Stdin codec=><LogStash::Codecs::Line charset=>"UTF-8", delimiter=>"\n">>, :level=>:debug, :file=>"logstash/inputs/base.rb", :line=>"81", :method=>"do_stop"}
{:timestamp=>"2016-05-23T15:28:23.545000+0000", :message=>"Closed inputs", :level=>:info, :file=>"logstash/pipeline.rb", :line=>"386", :method=>"shutdown"}
{:timestamp=>"2016-05-23T15:28:23.941000+0000", :message=>"closing", :plugin=><LogStash::Inputs::Stdin codec=><LogStash::Codecs::Line charset=>"UTF-8", delimiter=>"\n">>, :level=>:debug, :file=>"logstash/plugin.rb", :line=>"35", :method=>"do_close"}
{:timestamp=>"2016-05-23T15:28:23.948000+0000", :message=>"Input plugins stopped! Will shutdown filter/output workers.", :level=>:info, :file=>"logstash/pipeline.rb", :line=>"148", :method=>"run"}
{:timestamp=>"2016-05-23T15:28:24.031000+0000", :message=>"Pushing flush onto pipeline", :level=>:debug, :file=>"logstash/pipeline.rb", :line=>"458", :method=>"flush"}
{:timestamp=>"2016-05-23T15:28:24.032000+0000", :message=>"Pushing shutdown", :thread=>#<Thread:0xa92f9 run>, :level=>:debug, :file=>"logstash/pipeline.rb", :line=>"395", :method=>"shutdown_workers"}
{:timestamp=>"2016-05-23T15:28:24.033000+0000", :message=>"Shutdown waiting for worker thread #<Thread:0xa92f9>", :level=>:debug, :file=>"logstash/pipeline.rb", :line=>"400", :method=>"shutdown_workers"}
{:timestamp=>"2016-05-23T15:28:24.039000+0000", :message=>"closing output delegator", :klass=>LogStash::Outputs::Stdout, :level=>:debug, :file=>"logstash/output_delegator.rb", :line=>"137", :method=>"do_close"}
{:timestamp=>"2016-05-23T15:28:24.057000+0000", :message=>"closing", :plugin=><LogStash::Outputs::Stdout codec=><LogStash::Codecs::RubyDebug metadata=>false>, workers=>1>, :level=>:debug, :file=>"logstash/plugin.rb", :line=>"35", :method=>"do_close"}
{:timestamp=>"2016-05-23T15:28:24.059000+0000", :message=>"Pipeline main has been shutdown", :file=>"logstash/agent.rb", :line=>"465", :method=>"start_pipeline"}
